<?xml version='1.0' encoding='UTF-8'?>
<testsuite hostname="Martins-MacBook-Pro.local" name="codility.TapeEquilibriumTest" tests="8" errors="0" failures="0" skipped="0" time="0.015" timestamp="2019-08-04T13:06:36">
                     <properties>
[...]
</properties>
                     <testcase classname="codility.TapeEquilibriumTest" name="solution should work with basic example" time="0.014">
                                                 
                                               </testcase><testcase classname="codility.TapeEquilibriumTest" name="solution should work with slightly more complex example" time="0.0">
                                                 
                                               </testcase><testcase classname="codility.TapeEquilibriumTest" name="solution should work with even complex example" time="0.001">
                                                 
                                               </testcase><testcase classname="codility.TapeEquilibriumTest" name="solution should work with uneven complex example" time="0.0">
                                                 
                                               </testcase><testcase classname="codility.TapeEquilibriumTest" name="solution should work with bound at start" time="0.0">
                                                 
                                               </testcase><testcase classname="codility.TapeEquilibriumTest" name="solution should work with bound at end" time="0.0">
                                                 
                                               </testcase><testcase classname="codility.TapeEquilibriumTest" name="solution should work with weird example" time="0.0">
                                                 
                                               </testcase><testcase classname="codility.TapeEquilibriumTest" name="solution should work with other weird example" time="0.0">
                                                 
                                               </testcase>
                     <system-out><![CDATA[]]></system-out>
                     <system-err><![CDATA[]]></system-err>
                   </testsuite>